<?xml version="1.0" encoding="UTF-8"?>
<!-- Generated by org.testng.reporters.JUnitReportReporter -->
<testsuite hostname="IRS-TES-LW-0190" failures="0" tests="3" name="org.TestCase.Usercase003" time="15.923" errors="0" timestamp="2024-02-19T13:19:39 IST" skipped="0">
  <testcase classname="org.TestCase.Usercase003" name="LoginManhattanSite" time="5.165"/>
  <testcase classname="org.TestCase.Usercase003" name="InventoryCheck" time="10.227"/>
  <testcase classname="org.TestCase.Usercase003" name="CustomerServicepage" time="0.531"/>
</testsuite> <!-- org.TestCase.Usercase003 -->
