<?xml version="1.0" encoding="UTF-8"?>
<!-- Generated by org.testng.reporters.JUnitReportReporter -->
<testsuite hostname="IRS-TES-LW-0190" failures="0" tests="2" name="org.TestCase.UserCase002" time="12.485" errors="0" timestamp="2024-02-23T19:18:21 IST" skipped="0">
  <testcase classname="org.TestCase.UserCase002" name="LoginWebtremal" time="9.033"/>
  <testcase classname="org.TestCase.UserCase002" name="LoginuserId" time="3.452"/>
</testsuite> <!-- org.TestCase.UserCase002 -->
