<?xml version="1.0" encoding="UTF-8"?>
<!-- Generated by org.testng.reporters.JUnitReportReporter -->
<testsuite hostname="IRS-TES-LW-0190" failures="0" tests="1" name="org.TestCase.UserCase001" time="27.574" errors="0" timestamp="2024-02-09T17:25:51 IST" skipped="0">
  <testcase classname="org.TestCase.UserCase001" name="AfterLoginEleCheck" time="27.574"/>
</testsuite> <!-- org.TestCase.UserCase001 -->
